<?xml version="1.0" encoding="UTF-8"?>
<testsuite name="automation.jlweb.features.search.LoginWithValidCredentials" tests="1" skipped="0" failures="0" errors="0" timestamp="2020-08-31T16:04:51" hostname="Les-MacBook-Pro.local" time="14.166">
  <properties/>
  <testcase name="login_with_valid_credentials_should_show_home_page" classname="automation.jlweb.features.search.LoginWithValidCredentials" time="14.166"/>
  <system-out><![CDATA[]]></system-out>
  <system-err><![CDATA[SLF4J: Failed to load class "org.slf4j.impl.StaticLoggerBinder".
SLF4J: Defaulting to no-operation (NOP) logger implementation
SLF4J: See http://www.slf4j.org/codes.html#StaticLoggerBinder for further details.
Aug 31, 2020 11:04:52 PM org.openqa.selenium.remote.DesiredCapabilities chrome
INFO: Using `new ChromeOptions()` is preferred to `DesiredCapabilities.chrome()`
Starting ChromeDriver 85.0.4183.87 (cd6713ebf92fa1cacc0f1a598df280093af0c5d7-refs/branch-heads/4183@{#1689}) on port 15419
Only local connections are allowed.
Please see https://chromedriver.chromium.org/security-considerations for suggestions on keeping ChromeDriver safe.
ChromeDriver was started successfully.
Aug 31, 2020 11:04:54 PM org.openqa.selenium.remote.ProtocolHandshake createSession
INFO: Detected dialect: W3C
]]></system-err>
</testsuite>
